0 info it worked if it ends with ok
1 verbose cli [ '/usr/local/bin/node',
1 verbose cli   '/usr/local/bin/npm',
1 verbose cli   'install',
1 verbose cli   '-g',
1 verbose cli   'nodemon' ]
2 info using npm@2.14.20
3 info using node@v4.4.0
4 verbose install initial load of /usr/local/lib/package.json
5 verbose readDependencies loading dependencies from /usr/local/lib/package.json
6 silly cache add args [ 'nodemon', null ]
7 verbose cache add spec nodemon
8 silly cache add parsed spec Result {
8 silly cache add   raw: 'nodemon',
8 silly cache add   scope: null,
8 silly cache add   name: 'nodemon',
8 silly cache add   rawSpec: '',
8 silly cache add   spec: 'latest',
8 silly cache add   type: 'tag' }
9 silly addNamed nodemon@latest
10 verbose addNamed "latest" is being treated as a dist-tag for nodemon
11 info addNameTag [ 'nodemon', 'latest' ]
12 silly mapToRegistry name nodemon
13 silly mapToRegistry using default registry
14 silly mapToRegistry registry https://registry.npmjs.org/
15 silly mapToRegistry uri https://registry.npmjs.org/nodemon
16 verbose addNameTag registry:https://registry.npmjs.org/nodemon not in flight; fetching
17 verbose get https://registry.npmjs.org/nodemon not expired, no request
18 silly addNameTag next cb for nodemon with tag latest
19 silly addNamed nodemon@1.9.1
20 verbose addNamed "1.9.1" is a plain semver version for nodemon
21 silly cache afterAdd nodemon@1.9.1
22 verbose afterAdd /Users/noahspringwater/.npm/nodemon/1.9.1/package/package.json not in flight; writing
23 verbose correctMkdir /Users/noahspringwater/.npm correctMkdir not in flight; initializing
24 verbose afterAdd /Users/noahspringwater/.npm/nodemon/1.9.1/package/package.json written
25 silly install resolved [ { name: 'nodemon',
25 silly install resolved     homepage: 'http://nodemon.io',
25 silly install resolved     author: { name: 'Remy Sharp', url: 'http://github.com/remy' },
25 silly install resolved     bin: { nodemon: './bin/nodemon.js' },
25 silly install resolved     engines: { node: '>=0.8' },
25 silly install resolved     repository: { type: 'git', url: 'git+https://github.com/remy/nodemon.git' },
25 silly install resolved     description: 'Simple monitor script for use during development of a node.js app.',
25 silly install resolved     keywords:
25 silly install resolved      [ 'monitor',
25 silly install resolved        'development',
25 silly install resolved        'restart',
25 silly install resolved        'autoload',
25 silly install resolved        'reload',
25 silly install resolved        'terminal' ],
25 silly install resolved     license: 'MIT',
25 silly install resolved     main: './lib/nodemon',
25 silly install resolved     scripts:
25 silly install resolved      { coverage: 'istanbul cover _mocha -- --timeout 30000 --ui bdd --reporter list test/**/*.test.js',
25 silly install resolved        lint: 'jscs lib/**/*.js -v',
25 silly install resolved        ':spec': 'mocha --timeout 30000 --ui bdd test/**/*.test.js',
25 silly install resolved        test: 'npm run lint && npm run spec',
25 silly install resolved        spec: 'for FILE in test/**/*.test.js; do echo $FILE; ./node_modules/.bin/mocha --timeout 30000 $FILE; if [ $? -ne 0 ]; then exit 1; fi; sleep 1; done',
25 silly install resolved        web: 'node web',
25 silly install resolved        'semantic-release': 'semantic-release pre && npm publish && semantic-release post' },
25 silly install resolved     devDependencies:
25 silly install resolved      { async: '1.4.2',
25 silly install resolved        'coffee-script': '~1.7.1',
25 silly install resolved        connect: '~2.19.1',
25 silly install resolved        istanbul: '~0.2.10',
25 silly install resolved        jscs: '2.1.1',
25 silly install resolved        mocha: '2.3.3',
25 silly install resolved        should: '~4.0.0',
25 silly install resolved        'semantic-release': '4.3.5' },
25 silly install resolved     dependencies:
25 silly install resolved      { chokidar: '^1.2.0',
25 silly install resolved        debug: '^2.2.0',
25 silly install resolved        'es6-promise': '^3.0.2',
25 silly install resolved        'ignore-by-default': '^1.0.0',
25 silly install resolved        'lodash.defaults': '^3.1.2',
25 silly install resolved        minimatch: '^3.0.0',
25 silly install resolved        'ps-tree': '^1.0.1',
25 silly install resolved        touch: '1.0.0',
25 silly install resolved        undefsafe: '0.0.3',
25 silly install resolved        'update-notifier': '0.5.0' },
25 silly install resolved     version: '1.9.1',
25 silly install resolved     gitHead: '6ccb29864c7a17b578a5a09b9a2dd382bbb41066',
25 silly install resolved     bugs: { url: 'https://github.com/remy/nodemon/issues' },
25 silly install resolved     _id: 'nodemon@1.9.1',
25 silly install resolved     _shasum: '442071f88c39d801fb0bdfd209413da5dce6dad3',
25 silly install resolved     _from: 'nodemon@latest',
25 silly install resolved     _npmVersion: '2.14.20',
25 silly install resolved     _nodeVersion: '5.7.0',
25 silly install resolved     _npmUser: { name: 'remy', email: 'remy@leftlogic.com' },
25 silly install resolved     dist:
25 silly install resolved      { shasum: '442071f88c39d801fb0bdfd209413da5dce6dad3',
25 silly install resolved        tarball: 'http://registry.npmjs.org/nodemon/-/nodemon-1.9.1.tgz' },
25 silly install resolved     maintainers: [ [Object] ],
25 silly install resolved     _npmOperationalInternal:
25 silly install resolved      { host: 'packages-9-west.internal.npmjs.com',
25 silly install resolved        tmp: 'tmp/nodemon-1.9.1.tgz_1456434782204_0.8090351007413119' },
25 silly install resolved     directories: {},
25 silly install resolved     _resolved: 'https://registry.npmjs.org/nodemon/-/nodemon-1.9.1.tgz',
25 silly install resolved     readme: 'ERROR: No README data found!' } ]
26 info install nodemon@1.9.1 into /usr/local/lib
27 info installOne nodemon@1.9.1
28 verbose installOne of nodemon to /usr/local/lib not in flight; installing
29 verbose correctMkdir /Users/noahspringwater/.npm/_locks correctMkdir not in flight; initializing
30 verbose lock using /Users/noahspringwater/.npm/_locks/nodemon-49f7ed19e778991e.lock for /usr/local/lib/node_modules/nodemon
31 silly install write writing nodemon 1.9.1 to /usr/local/lib/node_modules/nodemon
32 verbose unbuild lib/node_modules/nodemon
33 silly gentlyRm /usr/local/lib/node_modules/nodemon is being purged from base /usr/local
34 verbose gentlyRm don't care about contents; nuking /usr/local/lib/node_modules/nodemon
35 verbose tar unpack /Users/noahspringwater/.npm/nodemon/1.9.1/package.tgz
36 verbose tar unpacking to /usr/local/lib/node_modules/nodemon
37 silly gentlyRm /usr/local/lib/node_modules/nodemon is being purged
38 verbose gentlyRm don't care about contents; nuking /usr/local/lib/node_modules/nodemon
39 silly gunzTarPerm modes [ '755', '644' ]
40 error tar.unpack untar error /Users/noahspringwater/.npm/nodemon/1.9.1/package.tgz
41 verbose unlock done using /Users/noahspringwater/.npm/_locks/nodemon-49f7ed19e778991e.lock for /usr/local/lib/node_modules/nodemon
42 verbose fstream_path /usr/local/lib/node_modules/nodemon
43 verbose fstream_type Directory
44 verbose fstream_class DirWriter
45 verbose stack Error: EACCES: permission denied, mkdir '/usr/local/lib/node_modules/nodemon'
45 verbose stack     at Error (native)
46 verbose fstream_stack /usr/local/lib/node_modules/npm/node_modules/fstream/lib/dir-writer.js:35:25
46 verbose fstream_stack /usr/local/lib/node_modules/npm/node_modules/mkdirp/index.js:47:53
46 verbose fstream_stack FSReqWrap.oncomplete (fs.js:82:15)
47 verbose cwd /Users/noahspringwater/Web-Scrape-IMDB
48 error Darwin 15.3.0
49 error argv "/usr/local/bin/node" "/usr/local/bin/npm" "install" "-g" "nodemon"
50 error node v4.4.0
51 error npm  v2.14.20
52 error path /usr/local/lib/node_modules/nodemon
53 error code EACCES
54 error errno -13
55 error syscall mkdir
56 error Error: EACCES: permission denied, mkdir '/usr/local/lib/node_modules/nodemon'
56 error     at Error (native)
56 error  { [Error: EACCES: permission denied, mkdir '/usr/local/lib/node_modules/nodemon']
56 error   errno: -13,
56 error   code: 'EACCES',
56 error   syscall: 'mkdir',
56 error   path: '/usr/local/lib/node_modules/nodemon',
56 error   fstream_type: 'Directory',
56 error   fstream_path: '/usr/local/lib/node_modules/nodemon',
56 error   fstream_class: 'DirWriter',
56 error   fstream_stack:
56 error    [ '/usr/local/lib/node_modules/npm/node_modules/fstream/lib/dir-writer.js:35:25',
56 error      '/usr/local/lib/node_modules/npm/node_modules/mkdirp/index.js:47:53',
56 error      'FSReqWrap.oncomplete (fs.js:82:15)' ] }
57 error Please try running this command again as root/Administrator.
58 verbose exit [ -13, true ]
59 verbose unbuild lib/node_modules/nodemon
60 silly gentlyRm /usr/local/lib/node_modules/nodemon is being purged from base /usr/local
61 verbose gentlyRm don't care about contents; nuking /usr/local/lib/node_modules/nodemon
